<?xml version="1.0" encoding="UTF-8"?>
<!-- Generated by org.testng.reporters.JUnitReportReporter -->
<testsuite skipped="0" hostname="Tests-MacBook-Pro.local" name="TestNg.DayThree" tests="5" failures="0" timestamp="28 Aug 2018 16:57:14 GMT" time="0.013" errors="0">
  <testcase name="MobileloginhomeLoan" time="0.003" classname="TestNg.DayThree"/>
  <testcase name="LoginAPIhomeLoan" time="0.002" classname="TestNg.DayThree"/>
  <testcase name="MobilesigninhomeLoan" time="0.004" classname="TestNg.DayThree"/>
  <testcase name="webLoginhomeLoan" time="0.002" classname="TestNg.DayThree"/>
  <testcase name="MobilesignouthomeLoan" time="0.002" classname="TestNg.DayThree"/>
</testsuite> <!-- TestNg.DayThree -->
