<?xml version="1.0" encoding="UTF-8"?>
<!-- Generated by org.testng.reporters.JUnitReportReporter -->
<testsuite skipped="0" hostname="Tests-MacBook-Pro.local" name="TestNg.DayFour" tests="2" failures="0" timestamp="28 Aug 2018 16:57:14 GMT" time="0.003" errors="0">
  <testcase name="secondTest" time="0.002" classname="TestNg.DayFour"/>
  <testcase name="demo" time="0.001" classname="TestNg.DayFour"/>
</testsuite> <!-- TestNg.DayFour -->
