<?xml version="1.0" encoding="UTF-8"?>
<!-- Generated by org.testng.reporters.JUnitReportReporter -->
<testsuite skipped="0" hostname="Tests-MacBook-Pro.local" name="TestNg.DayTwo" tests="1" failures="0" timestamp="28 Aug 2018 16:57:14 GMT" time="0.002" errors="0">
  <testcase name="ploan" time="0.002" classname="TestNg.DayTwo"/>
</testsuite> <!-- TestNg.DayTwo -->
