<?xml version="1.0" encoding="UTF-8"?>
<!-- Generated by org.testng.reporters.JUnitReportReporter -->
<testsuite skipped="0" hostname="Tests-MacBook-Pro.local" name="OrangeHRM.BaseClass" tests="4" failures="0" timestamp="28 Aug 2018 18:09:30 GMT" time="18.445" errors="0">
  <testcase name="One" time="5.490" classname="OrangeHRM.BaseClass"/>
  <testcase name="One" time="7.584" classname="OrangeHRM.BaseClass"/>
  <testcase name="One" time="5.370" classname="OrangeHRM.BaseClass"/>
  <testcase name="Two" time="0.001" classname="OrangeHRM.BaseClass"/>
</testsuite> <!-- OrangeHRM.BaseClass -->
